[2025-07-19 17:05:27] INFO:  Server running on port 4000
[2025-07-19 17:14:31] INFO:  Server running on port 4000
[2025-07-19 17:14:56] INFO:  Server running on port 4000
[2025-07-19 17:44:45] INFO:  Server running on port 4000
[2025-07-19 18:10:55] INFO:  Server running on port 4000
[2025-07-19 18:18:34] INFO:  Server running on port 4000
[2025-07-19 18:19:41] INFO:  Server running on port 4000
[2025-07-19 18:19:54] INFO:  Server running on port 4000
[2025-07-19 18:20:54] INFO:  Server running on port 4000
[2025-07-19 18:21:55] INFO:  Server running on port 4000
[2025-07-19 18:22:42] INFO:  Server running on port 4000
[2025-07-19 18:23:28] INFO:  Server running on port 4000
[2025-07-19 18:23:56] INFO:  Server running on port 4000
[2025-07-19 18:24:36] INFO:  Server running on port 4000
[2025-07-19 18:24:54] INFO:  Server running on port 4000
[2025-07-19 18:25:24] INFO:  Server running on port 4000
[2025-07-19 18:25:54] INFO:  Server running on port 4000
[2025-07-19 18:27:08] INFO:  Server running on port 4000
[2025-07-19 18:31:40] INFO:  Server running on port 4000
[2025-07-19 18:33:04] INFO:  Server running on port 4000
[2025-07-19 18:34:37] INFO:  Server running on port 4000
[2025-07-19 18:35:03] INFO:  Server running on port 4000
[2025-07-19 18:36:44] INFO:  Server running on port 4000
[2025-07-19 18:37:24] INFO:  Server running on port 4000
[2025-07-19 18:37:55] INFO:  Server running on port 4000
[2025-07-19 18:40:03] INFO:  Server running on port 4000
[2025-07-19 18:40:31] INFO:  Server running on port 4000
[2025-07-19 18:41:58] INFO:  Server running on port 4000
[2025-07-19 18:44:46] INFO:  Server running on port 4000
[2025-07-19 18:45:29] INFO:  Server running on port 4000
[2025-07-19 18:53:39] INFO:  Server running on port 4000
[2025-07-19 19:50:23] INFO:  Server running on port 4000
[2025-07-19 19:51:10] INFO:  Server running on port 4000
[2025-07-19 19:52:07] INFO:  Server running on port 4000
[2025-07-19 19:53:15] INFO:  Server running on port 4000
[2025-07-19 19:53:47] INFO:  Server running on port 4000
[2025-07-19 19:55:09] INFO:  Server running on port 4000
[2025-07-19 19:55:42] INFO:  Server running on port 4000
[2025-07-19 19:56:14] INFO:  Server running on port 4000
[2025-07-19 19:56:30] INFO: GET /a/user
[2025-07-19 19:56:31] INFO: GET /a/courses
[2025-07-19 19:56:31] INFO: GET /a/course/progress
[2025-07-19 19:56:31] INFO: GET /a/shared/notifications
[2025-07-20 13:17:33] INFO:  Server running on port 4000
[2025-07-20 13:24:33] INFO:  Server running on port 4000
[2025-07-20 13:25:38] INFO:  Server running on port 4000
[2025-07-20 13:27:10] INFO:  Server running on port 4000
[2025-07-20 13:28:33] INFO:  Server running on port 4000
[2025-07-20 19:25:40] INFO:  Server running on port 4000
[2025-07-20 19:39:48] INFO: GET /api/donations/1
[2025-07-20 19:39:48] INFO: GET /api/donations/1
[2025-07-20 19:42:15] INFO:  Server running on port 4000
[2025-07-20 19:49:21] INFO:  Server running on port 4000
[2025-07-20 19:51:51] INFO:  Server running on port 4000
[2025-07-20 19:55:20] INFO:  Server running on port 4000
[2025-07-20 19:55:40] INFO: donaton
[2025-07-20 19:55:40] INFO: donaton
[2025-07-20 19:56:48] INFO:  Server running on port 4000
[2025-07-20 19:59:22] INFO:  Server running on port 4000
[2025-07-20 20:01:49] INFO:  Server running on port 4000
[2025-07-20 20:02:17] WARN: dfgiljnshbkjsdfnbkjnabkjn
[2025-07-20 20:02:17] INFO: donaton
[2025-07-20 20:02:17] WARN: dfgiljnshbkjsdfnbkjnabkjn
[2025-07-20 20:02:17] INFO: donaton
[2025-07-20 20:03:18] INFO:  Server running on port 4000
[2025-07-20 20:03:36] WARN: dfgiljnshbkjsdfnbkjnabkjn
[2025-07-20 20:03:37] INFO: donaton
[2025-07-20 20:03:37] WARN: dfgiljnshbkjsdfnbkjnabkjn
[2025-07-20 20:03:37] INFO: donaton
[2025-07-20 20:04:52] INFO:  Server running on port 4000
[2025-07-20 20:05:16] WARN: dfgiljnshbkjsdfnbkjnabkjn
[2025-07-20 20:05:16] INFO: [object Object],[object Object],[object Object],[object Object],[object Object],[object Object],[object Object],[object Object],[object Object],[object Object],[object Object],[object Object],[object Object],[object Object],[object Object],[object Object],[object Object],[object Object],[object Object],[object Object],[object Object],[object Object],[object Object],[object Object],[object Object],[object Object],[object Object],[object Object],[object Object],[object Object],[object Object],[object Object],[object Object],[object Object],[object Object],[object Object],[object Object],[object Object],[object Object],[object Object],[object Object],[object Object],[object Object],[object Object],[object Object],[object Object],[object Object],[object Object],[object Object],[object Object],[object Object],[object Object]
[2025-07-20 20:05:16] WARN: dfgiljnshbkjsdfnbkjnabkjn
[2025-07-20 20:05:16] INFO: [object Object],[object Object],[object Object],[object Object],[object Object],[object Object],[object Object],[object Object],[object Object],[object Object],[object Object],[object Object],[object Object],[object Object],[object Object],[object Object],[object Object],[object Object],[object Object],[object Object],[object Object],[object Object],[object Object],[object Object],[object Object],[object Object],[object Object],[object Object],[object Object],[object Object],[object Object],[object Object],[object Object],[object Object],[object Object],[object Object],[object Object],[object Object],[object Object],[object Object],[object Object],[object Object],[object Object],[object Object],[object Object],[object Object],[object Object],[object Object],[object Object],[object Object],[object Object],[object Object]
[2025-07-20 20:06:05] INFO:  Server running on port 4000
[2025-07-20 20:06:27] WARN: dfgiljnshbkjsdfnbkjnabkjn
[2025-07-20 20:06:28] WARN: dfgiljnshbkjsdfnbkjnabkjn
[2025-07-20 20:11:28] INFO:  Server running on port 4000
[2025-07-20 20:35:35] INFO:  Server running on port 4000
[2025-07-20 20:46:39] INFO:  Server running on port 4000
[2025-07-20 20:47:09] INFO:  Server running on port 4000
[2025-07-20 20:50:46] INFO:  Server running on port 4000
[2025-07-20 20:51:26] INFO:  Server running on port 4000
[2025-07-20 20:53:26] INFO:  Server running on port 4000
[2025-07-20 20:54:37] INFO:  Server running on port 4000
[2025-07-20 21:01:29] INFO:  Server running on port 4000
[2025-07-20 22:46:36] INFO:  Server running on port 4000
[2025-07-21 09:32:41] INFO:  Server running on port 4000
[2025-07-21 11:01:49] INFO:  Server running on port 4000
[2025-07-21 11:43:58] INFO:  Server running on port 4000
[2025-07-21 11:45:27] INFO:  Server running on port 4000
[2025-07-21 12:12:27] INFO:  Server running on port 4000
[2025-07-21 12:26:50] INFO:  Server running on port 4000
[2025-07-21 13:49:42] INFO:  Server running on port 4000
[2025-07-21 14:05:50] INFO:  Server running on port 4000
[2025-07-21 14:17:59] INFO:  Server running on port 4000
[2025-07-21 14:19:01] INFO:  Server running on port 4000
[2025-07-21 14:19:19] INFO:  Server running on port 4000
[2025-07-21 14:19:48] INFO:  Server running on port 4000
[2025-07-21 14:21:10] INFO:  Server running on port 4000
[2025-07-21 14:22:09] INFO:  Server running on port 4000
[2025-07-21 14:22:33] INFO:  Server running on port 4000
[2025-07-21 14:23:35] INFO:  Server running on port 4000
[2025-07-21 14:24:13] INFO:  Server running on port 4000
[2025-07-21 14:26:44] INFO:  Server running on port 4000
[2025-07-21 14:42:52] INFO:  Server running on port 4000
[2025-07-21 15:31:00] INFO:  Server running on port 4000
[2025-07-21 15:31:31] INFO:  Server running on port 4000
[2025-07-21 17:40:46] INFO:  Server running on port 4000
[2025-07-21 18:16:03] INFO:  Server running on port 4000
[2025-07-21 18:17:33] INFO:  Server running on port 4000
[2025-07-21 18:23:05] INFO:  Server running on port 4000
[2025-07-21 18:33:06] INFO:  Server running on port 4000
[2025-07-21 18:36:57] INFO:  Server running on port 4000
[2025-07-21 19:19:47] INFO:  Server running on port 4000
[2025-07-21 19:23:55] INFO:  Server running on port 4000
[2025-07-21 19:36:07] INFO:  Server running on port 4000
[2025-07-21 19:39:42] INFO:  Server running on port 4000
[2025-07-21 19:51:37] INFO:  Server running on port 4000
[2025-07-21 19:52:49] INFO:  Server running on port 4000
[2025-07-21 19:59:50] INFO:  Server running on port 4000
[2025-07-21 20:00:41] INFO:  Server running on port 4000
[2025-07-21 20:01:54] INFO:  Server running on port 4000
[2025-07-21 21:18:40] INFO:  Server running on port 4000
[2025-07-21 21:19:18] INFO: 653753
